[   0.000000] Linux versio 4.15.46-gericbuil@lgw01-ad64-038)(gcc version 7.3.0 (Ubuntu 7.3.0-16ubuntu3)) #49-Ubuntu SMP Wed Feb 6 09:33:07 UTC 2019 (Ubuntu 4.15.0-46.49-generic 4.15.18)
[    0.000000] Command line: BOOT_IMAGE=/boot/vmlinuz-4.15.0-46-generic root=LABEL=cloudimg-rootfs ro console=tty1 console=ttyS0
[    0.000000] KERNEL supported cpus:
[    0.000000]   Intel GenuineIntel
[    0.000000]   AMD AuthenticAMD
[    0.000000]   Centaur CentaurHauls
[    0.000000] x86/fpu: x87 FPU will use FXSAVE
[    0.000000] e820: BIOS-provided physical RAM map:
[    0.000000] BIOS-e820: [mem 0x0000000000000000-0x000000000009fbff] usable
[    0.000000] BIOS-e820: [mem 0x000000000009fc00-0x000000000009ffff] reserved
[    0.000000] BIOS-e820: [mem 0x00000000000f0000-0x00000000000fffff] reserved
[    0.000000] BIOS-e820: [mem 0x0000000000100000-0x000000003ffeffff] usable
[    0.000000] BIOS-e820: [mem 0x000000003fff0000-0x000000003fffffff] ACPI data
[    0.000000] BIOS-e820: [mem 0x00000000fffc0000-0x00000000ffffffff] reserved
[    0.000000] NX (Execute Disable) protection: active
[    0.000000] SMBIOS 2.5 present.
[    0.000000] DMI: innotek GmbH VirtualBox/VirtualBox, BIOS VirtualBox12/01/2006
[    0.00000] e80: lst_pn = 0xfff0maarch_pfn= 0x40000000
[    0.000000] TRR: Disable
[  0.00000] x86PAT:MTs disabld, sipping PAT initialization too.
[    0.000000] CPU MTRRs all blank - virtualized syste.
[    0.000000] x86/PAT: Confiurtion[0-7]: WB  WT C- UC WB  WT UC- U  
    0.00000] found SMP MP-table at [mem 0x0009fff0-0x0009ffff] mapped at [        (ptrval)]
[    0.000000] Scanning 1 areas for low memory corruption
[    0.000000] RAMDISK: [mem 0x35adf000x366fff
[   0.0000]ACPI: arly tabe checksumverification disabled
[    0.0000] PI: DP 00000000000E0000 000024 (v02 VBOX  )
[    0.000000] ACPI: XSDT 0x000000003FFF0030 00003C (v01 VBOX   VBOXXSDT 00000001 ASL  00000061)
[    0.000000] ACPI: FACP 0x000000003FFF00F0 0000F4 (v04 VBOX   VBOXFACP 00000001 ASL  00000061)
[    0.000000] ACPI: DSDT 0x000000003FFF0470 001BF1 (v01 VBOX   VBOXBIOS 00000002 INTL 20140214)
[    0.000000] ACPI: FACS 0x000000003FFF0200 000040
[    0.000000] ACPI: FACS 0x000000003FFF0200 000040
[    0.000000] ACPI: APIC 0x000000003FFF0240 00005C (v02 VBOX   VBOXAPIC 00000001 ASL  00000061)
[    0.000000] ACPI: SSDT 0x000000003FFF02A0 0001CC (v01 VBOX   VBOXCPUT 00000002 INTL 20140214)
[    0.000000] No NUMA configuration found
[    0.000000] Faking a node at [mem 0x0000000000000000-0x000000003ffeffff]
[    0.000000] NODE_DATA(0) allocated [mem 0x3ffc5000-0x3ffeffff]
[    0.000000] tsc: Using PIT calibration value
[    0.000000] Zone ranges:
[    0.000000]   DMA      [mem 0x0000000000001000-0x0000000000ffffff]
[    0.000000]   DMA32    mem 0x00000000100000-0x00000003ffeffff]
[   0.00000]   Nrm   empty
[   0.00000]   Device   emty
[  0.0000] Movabl zne startfor ac node
[    0.00000] Early memorynoe ranges
[  0.0000]   nde  0:[mm 0x00000000001000-0x000000000009efff]
[    0.000000]   node   0: [mem 0x0000000000100000-0x000000003ffeffff]
[    0.000000] Reserved but unavailable: 114 pages
[    0.000000] Initmem setup node 0 [mem 0x0000000000001000-0x000000003ffeffff]
[    0.000000] ACPI: PM-Timer IO Port: 0x4008
[    0.000000] IOAPIC[0]: apic_id 2, version 17, address 0xfec00000, GSI 0-23
[    00000] ACPI: INT_SRC_OVR (bus 0 bus_irq 0 global_irq 2 dfl dfl)
   0.000000] ACPI: INT_SRC_OVR (bus 0 bus_irq 9 global_irq 9 high level)
[    0.000000] Using ACPI (MADT) for SMP configuration information
[    0.000000] smpboot: Allowing 2 CPUs, 0 hotplug CPUs
[    0.000000] PM: Registered nosave memory: [mem 0x00000000-0x00000fff]
[    0.000000] PM: Registered nosave memory: [mem 0x0009f000-0x0009ffff]
[    0.000000] PM: Registered nosave memory: [mem 0x000a0000-0x000effff]
[    0.000000] PM: Registered nosave memory: [mem 0x000f0000-0x000fffff]
[    0.000000] e820: [mem 0x40000000-0xfffbffff] available fo PCI devices
    0.000000]Bootngparavirtualied kernel on bare hardware
[    0.000000] clocksource: refined-jiffies: mask: 0xffffff mx_cyle: 0xfffffff, max_ide_s: 764551960211568 ns
[    0.000000] random: get_random_bytes called from start_kernel+0x99/0x4fd with crng_init=0
[    0.000000] setup_percpu: NR_CPUS:8192 nr_cpumask_bits:2 nr_cpu_ids:2 nr_node_ids:1
[    0.000000] percpu: Embedded 46 pages/cpu @        (ptrval) s151552 r8192 d28672 u1048576
[    0.000000] Built 1 zonelists, mobility grouping on.  Total pages: 257913
[    0.000000] Policy zone: DMA32
[   00000] Kernel command line:OOT_AGE=/oot/vminuz-415.0-4-generic root=LABEL=cloudimg-rootfs ro console=tty1 console=ttyS0
[    0.000000] Memory: 984132K/1048120K available (12300K kernel code, 2473K rwdata, 4252K rodata, 2408K init, 2416K bss, 63988K reserved, 0K cmreserved)
[    0.000000] SLUB: HWalign=64, Order=0-3, MinObjects=0, CPUs=2, Nodes=1
[    0.000000] Kernel/User page tables isolation: enabled
[    0.000000] race: allocating 39198 eriesn 15page
[    .00000] Hirarchica RCU implementation.
[    0.000000] 	RCU restricting CPUs from NR_CPUS=8192 to nr_cpu_ids=2.
[    0.000000] 	asks RCU enabled.
[   000000] RCU: Adjustg geetry for rcu_fanout_leaf=16, nr_cpu_ids=2
[    0.000000] NR_IRQS: 524544, nr_irqs: 440, preallocated irqs: 16
[    0.000000] Console: colour VGA+ 80x25
[    0.000000] console [tty1] enabled
[    0.000000] console [ttyS0] enabled
[    0.000000] ACPI: Core revision 20170831
[   0.0000] ACI: 2 ACPI AML tables successfully acquired and loaded
[    0.000000] APIC: Switch to symmetric I/O mode setup
[   0.000000] ..TIMER: vector=0x30 apic1=0 pin1=2 apic2=-1 pin2=-1
[    0.024000] tsc: Fast TSC calibration failed
[    0.040000] tsc: Unable to calibrate against PIT
[    0.044000] tsc: using PMTIMER reference calibration
[    0.044000] tsc: Detected 3392.295 MHz processor
[    0.044000] Calibrating delay loop (skipped), value calculated using timer frequency.. 6784.59 BogoMIPS (lpj=13569180)
[    0.044000] pid_max: default: 32768 minimum: 301
[    0.048046] Security Framework initialized
[    0.048609] Yama: becoming mindful.
[    0.049134] AppArmor: AppArmor initialized
[    0.052599] Dentry cache hash table entries: 131072 (order: 8, 1048576 bytes)
[    0.056113] Inode-cache hash table entries: 65536 (order: 7, 524288 bytes)
[    0.060044] Mount-cache hash table entries: 2048 (order: 2, 16384 bytes)
[    0.060952] Mountpoint-cache hash table entries: 2048 (order: 2, 16384 bytes)
[    0.064466] mce: CPU supports 0 MCE banks
[    0.068058] Last level iTLB entries: 4KB 512, 2MB 8, 4MB 8
[    0.072021] Last level dTLB entries: 4KB 512, 2MB 32, 4MB 32, 1GB 0
[    0.076019] Spectre V2 : Mitigation: Full generic retpoline
[    0.080014] Spectre V2 : Spectre v2 / SpectreRSB mitigation: Filling RSB on context switch
[    0.081131] Speculative Store Bypass: Vulnerable
[    0.081939] Freeing SMP alternatives memory: 36K
[    0.088000] smpboot: CPU0: Intel(R) Core(TM) i7-2600 CPU @ 3.40GHz (family: 0x6, model: 0x2a, stepping: 0x7)
[    0.088218] Performance Events: unsupported p6 CPU model 42 no PMU driver, software events only.
[    0.092086] Hierarchical SRCU implementation.
[    0.093399] NMI watchdog: Perf event create on CPU 0 failed with -2
[    0.094233] NMI watchdog: Perf NMI watchdog permanently disabled
[    0.095134] smp: Bringing up secondary CPUs ...
[    0.096227] x86: Booting SMP configuration:
[    0.096826] .... node  #0, CPUs:      #1
[    0.004000] mce: CPU supports 0 MCE banks
[    0.126495] smp: Brought up 1 node, 2 CPUs
[    0.128011] smpboot: Max logical packages: 1
[    0.132009] smpboot: Total of 2 processors activated (13569.18 BogoMIPS)
[    0.133077] devtmpfs: initialized
[    0.133077] x86/mm: Memory block size: 128MB
[    0.133313] evm: security.selinux
[    0.133791] evm: security.SMACK64
[    0.134271] evm: security.SMACK64EXEC
[    0.136010] evm: security.SMACK64TRANSMUTE
[    0.136594] evm: security.SMACK64MMAP
[    0.137121] evm: security.apparmor
[    0.137619] evm: security.ima
[    0.138065] evm: security.capability
[    0.138638] clocksource: jiffies: mask: 0xffffffff max_cycles: 0xffffffff, max_idle_ns: 7645041785100000 ns
[    0.140015] futex hash table entries: 512 (order: 3, 32768 bytes)
[    0.144075] pinctrl core: initialized pinctrl subsystem
[    0.145321] RTC time:  9:52:19, date: 03/31/19
[    0.147257] NET: Registered protocol family 16
[    0.148095] audit: initializing netlink subsys (disabled)
[    0.148857] audit: type=2000 audit(1554025930.148:1): state=initialized audit_enabled=0 res=1
[    0.149191] cpuidle: using governor ladder
[    0.149191] cpuidle: using governor menu
[    0.150118] ACPI: bus type PCI registered
[    0.156011] acpiphp: ACPI Hot Plug PCI Controller Driver version: 0.5
[    0.156103] PCI: Using configuration type 1 for base access
[    0.161097] HugeTLB registered 2.00 MiB page size, pre-allocated 0 pages
[    0.164126] ACPI: Added _OSI(Module Device)
[    0.196026] ACPI: Added _OSI(Processor Device)
[    0.324011] ACPI: Added _OSI(3.0 _SCP Extensions)
[    0.412015] ACPI: Added _OSI(Processor Aggregator Device)
[    0.412762] ACPI: Added _OSI(Linux-Dell-Video)
[    0.413414] ACPI: Added _OSI(Linux-Lenovo-NV-HDMI-Audio)
[    0.414164] ACPI: Added _OSI(Linux-HPI-Hybrid-Graphics)
[    0.415181] ACPI: Executed 1 blocks of module-level executable AML code
[    0.421710] ACPI: Interpreter enabled
[    0.432039] ACPI: (supports S0 S5)
[    0.464017] ACPI: Using IOAPIC for interrupt routing
[    0.480159] PCI: Using host bridge windows from ACPI; if necessary, use "pci=nocrs" and report a bug
[    0.484162] ACPI: Enabled 2 GPEs in block 00 to 07
[    0.497065] ACPI: PCI Root Bridge [PCI0] (domain 0000 [bus 00-ff])
[    0.512032] acpi PNP0A03:00: _OSC: OS supports [ASPM ClockPM Segments MSI]
[    0.514035] acpi PNP0A03:00: _OSC failed (AE_NOT_FOUND); disabling ASPM
[    0.544039] acpi PNP0A03:00: fail to add MMCONFIG information, can't access extended PCI configuration space under this bridge.
[    0.545878] PCI host bridge to bus 0000:00
[    0.546445] pci_bus 0000:00: root bus resource [io  0x0000-0x0cf7 window]
[    0.547326] pci_bus 0000:00: root bus resource [io  0x0d00-0xffff window]
[    0.548008] pci_bus 0000:00: root bus resource [mem 0x000a0000-0x000bffff window]
[    0.564018] pci_bus 0000:00: root bus resource [mem 0x40000000-0xffdfffff window]
[    0.566328] pci_bus 0000:00: root bus resource [bus 00-ff]
[    0.570037] pci 0000:00:01.1: legacy IDE quirk: reg 0x10: [io  0x01f0-0x01f7]
[    0.580016] pci 0000:00:01.1: legacy IDE quirk: reg 0x14: [io  0x03f6]
[    0.580875] pci 0000:00:01.1: legacy IDE quirk: reg 0x18: [io  0x0170-0x0177]
[    0.581671] pci 0000:00:01.1: legacy IDE quirk: reg 0x1c: [io  0x0376]
[    0.628905] ACPI: PCI Interrupt Link [LNKA] (IRQs 5 9 10 11) *0, disabled.
[    0.636715] ACPI: PCI Interrupt Link [LNKB] (IRQs 5 9 10 *11)
[    0.640052] ACPI: PCI Interrupt Link [LNKC] (IRQs 5 9 *10 11)
[    0.664168] ACPI: PCI Interrupt Link [LNKD] (IRQs 5 *9 10 11)
[    0.665492] SCSI subsystem initialized
[    0.668075] pci 0000:00:02.0: vgaarb: setting as boot VGA device
[    0.672000] pci 0000:00:02.0: vgaarb: VGA device added: decodes=io+mem,owns=io+mem,locks=none
[    0.680020] pci 0000:00:02.0: vgaarb: bridge control possible
[    0.680020] vgaarb: loaded
[    0.680689] ACPI: bus type USB registered
[    0.696068] usbcore: registered new interface driver usbfs
[    0.696068] usbcore: registered new interface driver hub
[    0.696799] usbcore: registered new device driver usb
[    0.716172] EDAC MC: Ver: 3.0.0
[    0.780319] PCI: Using ACPI for IRQ routing
[    0.780970] NetLabel: Initializing
[    0.780970] NetLabel:  domain hash size = 128
[    0.780970] NetLabel:  protocols = UNLABELED CIPSOv4 CALIPSO
[    0.784016] NetLabel:  unlabeled traffic allowed by default
[    0.788140] clocksource: Switched to clocksource refined-jiffies
[    0.816014] VFS: Disk quotas dquot_6.6.0
[    0.860060] VFS: Dquot-cache hash table entries: 512 (order 0, 4096 bytes)
[    0.861177] AppArmor: AppArmor Filesystem Enabled
[    0.861889] pnp: PnP ACPI init
[    0.864651] pnp: PnP ACPI: found 4 devices
[    0.880030] clocksource: acpi_pm: mask: 0xffffff max_cycles: 0xffffff, max_idle_ns: 2085701024 ns
[    1.028127] clocksource: Switched to clocksource acpi_pm
[    1.030198] NET: Registered protocol family 2
[    1.031419] TCP established hash table entries: 8192 (order: 4, 65536 bytes)
[    1.032469] TCP bind hash table entries: 8192 (order: 5, 131072 bytes)
[    1.033354] TCP: Hash tables configured (established 8192 bind 8192)
[    1.034215] UDP hash table entries: 512 (order: 2, 16384 bytes)
[    1.035013] UDP-Lite hash table entries: 512 (order: 2, 16384 bytes)
[    1.035964] NET: Registered protocol family 1
[    1.062573] pci 0000:00:00.0: Limiting direct PCI/PCI transfers
[    1.063429] pci 0000:00:01.0: Activating ISA DMA hang workarounds
[    1.064343] pci 0000:00:02.0: Video device with shadowed ROM at [mem 0x000c0000-0x000dffff]
[    1.065569] Unpacking initramfs...
[    1.331274] Freeing initrd memory: 18976K
[    1.343056] platform rtc_cmos: registered platform RTC device (no PNP device found)
[    1.380964] Scanning for low memory corruption every 60 seconds
[    1.382401] Initialise system trusted keyrings
[    1.389974] Key type blacklist registered
[    1.390843] workingset: timestamp_bits=36 max_order=18 bucket_order=0
[    1.392877] zbud: loaded
[    1.393701] squashfs: version 4.0 (2009/01/31) Phillip Lougher
[    1.394828] fuse init (API version 7.26)
[    1.410857] Key type asymmetric registered
[    1.499012] Asymmetric key parser 'x509' registered
[    1.581515] Block layer SCSI generic (bsg) driver version 0.4 loaded (major 246)
[    1.597636] io scheduler noop registered
[    1.598214] io scheduler deadline registered
[    1.598857] io scheduler cfq registered (default)
[    1.599877] ACPI: AC Adapter [AC] (on-line)
[    1.600655] input: Power Button as /devices/LNXSYSTM:00/LNXPWRBN:00/input/input0
[    1.601763] ACPI: Power Button [PWRF]
[    1.602350] input: Sleep Button as /devices/LNXSYSTM:00/LNXSLPBN:00/input/input1
[    1.603372] ACPI: Sleep Button [SLPF]
[    1.604660] Serial: 8250/16550 driver, 32 ports, IRQ sharing enabled
[    1.628961] 00:03: ttyS0 at I/O 0x3f8 (irq = 4, base_baud = 115200) is a 16550A
[    1.752949] Linux agpgart interface v0.103
[    1.757000] loop: module loaded
[    1.759283] scsi host0: ata_piix
[    1.760407] scsi host1: ata_piix
[    1.761001] ata1: PATA max UDMA/33 cmd 0x1f0 ctl 0x3f6 bmdma 0xd000 irq 14
[    1.761948] ata2: PATA max UDMA/33 cmd 0x170 ctl 0x376 bmdma 0xd008 irq 15
[    1.763243] libphy: Fixed MDIO Bus: probed
[    1.765561] tun: Universal TUN/TAP device driver, 1.6
[    1.767449] PPP generic driver version 2.4.2
[    1.769298] ehci_hcd: USB 2.0 'Enhanced' Host Controller (EHCI) Driver
[    1.789614] ehci-pci: EHCI PCI platform driver
[    1.790340] ehci-platform: EHCI generic platform driver
[    1.791152] ohci_hcd: USB 1.1 'Open' Host Controller (OHCI) Driver
[    1.792464] ohci-pci: OHCI PCI platform driver
[    1.793291] ohci-platform: OHCI generic platform driver
[    1.794237] uhci_hcd: USB Universal Host Controller Interface driver
[    1.795431] i8042: PNP: PS/2 Controller [PNP0303:PS2K,PNP0f03:PS2M] at 0x60,0x64 irq 1,12
[    1.797963] serio: i8042 KBD port at 0x60,0x64 irq 1
[    1.798905] serio: i8042 AUX port at 0x60,0x64 irq 12
[    1.800177] mousedev: PS/2 mouse device common for all mice
[    1.802442] rtc_cmos rtc_cmos: rtc core: registered rtc_cmos as rtc0
[    1.805963] input: AT Translated Set 2 keyboard as /devices/platform/i8042/serio0/input/input2
[    1.808163] rtc_cmos rtc_cmos: alarms up to one day, 114 bytes nvram
[    1.808176] i2c /dev entries driver
[    1.808185] pcie_mp2_amd: AMD(R) PCI-E MP2 Communication Driver Version: 1.0
[    1.808279] device-mapper: uevent: version 1.0.3
[    1.808373] device-mapper: ioctl: 4.37.0-ioctl (2017-09-20) initialised: dm-devel@redhat.com
[    1.855362] ledtrig-cpu: registered to indicate activity on CPUs
[    1.858353] NET: Registered protocol family 10
[    1.867099] Segment Routing with IPv6
[    1.869529] NET: Registered protocol family 17
[    1.871432] Key type dns_resolver registered
[    1.874264] RAS: Correctable Errors collector initialized.
[    1.881648] microcode: sig=0x206a7, pf=0x10, revision=0x0
[    1.882544] microcode: Microcode Update Driver: v2.2.
[    1.882565] sched_clock: Marking stable (1882535336, 0)->(2973746477, -1091211141)
[    1.885208] registered taskstats version 1
[    1.885827] Loading compiled-in X.509 certificates
[    1.889869] Loaded X.509 cert 'Build time autogenerated kernel key: b873a790e41754b50f7dbae45b6bd46229c3c73f'
[    2.068890] zswap: loaded using pool lzo/zbud
[    2.075003] Key type big_key registered
[    2.075575] Key type trusted registered
[    2.078661] Key type encrypted registered
[    2.081926] AppArmor: AppArmor sha1 policy hashing enabled
[    2.135345] ima: No TPM chip found, activating TPM-bypass! (rc=-19)
[    2.285207] ima: Allocated hash algorithm: sha1
[    2.364070] tsc: Refined TSC clocksource calibration: 3392.369 MHz
[    2.364089] clocksource: tsc: mask: 0xffffffffffffffff max_cycles: 0x30e625f78a0, max_idle_ns: 440795247236 ns
[    2.657553] evm: HMAC attrs: 0x1
[    2.658489]   Magic number: 11:603:880
[    2.661992] rtc_cmos rtc_cmos: setting system clock to 2019-03-31 09:52:22 UTC (1554025942)
[    2.665210] BIOS EDD facility v0.16 2004-Jun-25, 0 devices found
[    2.671543] EDD information not available.
[    2.674868] Freeing unused kernel memory: 2408K
[    2.692099] Write protecting the kernel read-only data: 20480k
[    2.732011] Freeing unused kernel memory: 2008K
[    2.737528] Freeing unused kernel memory: 1892K
[    2.743421] x86/mm: Checked W+X mappings: passed, no W+X pages found.
[    2.744311] x86/mm: Checking user space page tables
[    2.750448] x86/mm: Checked W+X mappings: passed, no W+X pages found.
Loading, please wait...
starting version 237
[    2.861445] e1000: Intel(R) PRO/1000 Network Driver - version 7.3.21-k8-NAPI
[    2.868272] e1000: Copyright (c) 1999-2006 Intel Corporation.
[    2.873241] Fusion MPT base driver 3.04.20
[    2.947488] Copyright (c) 1999-2008 LSI Corporation
[    3.072113] Fusion MPT SPI Host driver 3.04.20
[    3.280770] input: ImExPS/2 Generic Explorer Mouse as /devices/platform/i8042/serio1/input/input4
[    3.572576] clocksource: Switched to clocksource tsc
[    3.600157] e1000 0000:00:03.0 eth0: (PCI:33MHz:32-bit) 02:73:ab:6a:68:9e
[    3.600164] e1000 0000:00:03.0 eth0: Intel(R) PRO/1000 Network Connection
[    3.601090] mptbase: ioc0: Initiating bringup
[    3.696318] ioc0: LSI53C1030 A0: Capabilities={Initiator}
[    3.941441] scsi host2: ioc0: LSI53C1030 A0, FwRev=00000000h, Ports=1, MaxQ=256, IRQ=20
[    4.404452] scsi 2:0:0:0: Direct-Access     VBOX     HARDDISK         1.0  PQ: 0 ANSI: 5
[    4.442611] scsi target2:0:0: Beginning Domain Validation
[    4.450409] scsi target2:0:0: Domain Validation skipping write tests
[    4.454471] scsi target2:0:0: Ending Domain Validation
[    4.455459] scsi target2:0:0: asynchronous
[    4.457097] scsi 2:0:1:0: Direct-Access     VBOX     HARDDISK         1.0  PQ: 0 ANSI: 5
[    4.753506] scsi target2:0:1: Beginning Domain Validation
[    4.806188] random: fast init done
[    5.132065] scsi target2:0:1: Domain Validation skipping write tests
[    5.143261] e1000 0000:00:08.0 eth1: (PCI:33MHz:32-bit) 08:00:27:ec:a0:46
[    5.143268] e1000 0000:00:08.0 eth1: Intel(R) PRO/1000 Network Connection
[    5.395674] random: systemd-udevd: uninitialized urandom read (16 bytes read)
[    5.395698] random: systemd-udevd: uninitialized urandom read (16 bytes read)
[    5.395705] random: systemd-udevd: uninitialized urandom read (16 bytes read)
[    5.397175] e1000 0000:00:03.0 enp0s3: renamed from eth0
[    5.681984] scsi target2:0:1: Ending Domain Validation
[    5.683824] scsi target2:0:1: asynchronous
[    5.689167] sd 2:0:0:0: Attached scsi generic sg0 type 0
[    5.689986] sd 2:0:0:0: [sda] 20971520 512-byte logical blocks: (10.7 GB/10.0 GiB)
[    5.691064] sd 2:0:0:0: [sda] Write Protect is off
[    5.692099] sd 2:0:0:0: [sda] Incomplete mode parameter data
[    5.693946] sd 2:0:0:0: [sda] Assuming drive cache: write through
[    5.694217] e1000 0000:00:08.0 enp0s8: renamed from eth1
[    5.694813] sd 2:0:1:0: [sdb] 20480 512-byte logical blocks: (10.5 MB/10.0 MiB)
[    5.694865] sd 2:0:1:0: [sdb] Write Protect is off
[    5.694968] sd 2:0:1:0: [sdb] Incomplete mode parameter data
[    5.694971] sd 2:0:1:0: [sdb] Assuming drive cache: write through
[    5.694991] sd 2:0:1:0: Attached scsi generic sg1 type 0
[    5.731615]  sda: sda1
[    5.736373] sd 2:0:1:0: [sdb] Attached SCSI disk
[    5.736637] sd 2:0:0:0: [sda] Attached SCSI disk
Begin: Loading essential drivers ... [    7.252060] raid6: sse2x1   gen() 10369 MB/s
[    7.427133] raid6: sse2x1   xor()  7972 MB/s
[    7.595138] raid6: sse2x2   gen() 13808 MB/s
[    7.776160] raid6: sse2x2   xor() 10162 MB/s
[    7.949248] raid6: sse2x4   gen() 15304 MB/s
[    8.116068] raid6: sse2x4   xor()  9189 MB/s
[    8.185652] raid6: using algorithm sse2x4 gen() 15304 MB/s
[    8.186435] raid6: .... xor() 9189 MB/s, rmw enabled
[    8.187111] raid6: using ssse3x2 recovery algorithm
[    8.189317] xor: measuring software checksum speed
[    8.228040]    prefetch64-sse: 19487.000 MB/sec
[    8.272811]    generic_sse: 17259.000 MB/sec
[    8.273424] xor: using function: prefetch64-sse (19487.000 MB/sec)
[    8.275523] async_tx: api initialized (async)
done.
Begin: Running /scripts/init-premount ... done.
Begin: Mounting root file system ... Begin: Running /scripts/local-top ... done.
Begin: Running /scripts/local-[    8.340915] Btrfs loaded, crc32c=crc32c-generic
premount ... Scanning for Btrfs filesystems
done.
Warning: fsck not present, so skipping root file system
[    8.561726] EXT4-fs (sda1): mounted filesystem with ordered data mode. Opts: (null)
done.
Begin: Running /scripts/local-bottom ... done.
Begin: Running /scripts/init-bottom ... done.
[    9.299681] ip_tables: (C) 2000-2006 Netfilter Core Team
[    9.530450] systemd[1]: systemd 237 running in system mode. (+PAM +AUDIT +SELINUX +IMA +APPARMOR +SMACK +SYSVINIT +UTMP +LIBCRYPTSETUP +GCRYPT +GNUTLS +ACL +XZ +LZ4 +SECCOMP +BLKID +ELFUTILS +KMOD -IDN2 +IDN -PCRE2 default-hierarchy=hybrid)
[   10.047963] systemd[1]: Detected virtualization oracle.
[   10.048926] systemd[1]: Detected architecture x86-64.

Welcome to [1mUbuntu 18.04.2 LTS[0m!

[   10.092722] systemd[1]: Set hostname to <ubuntu>.
[   10.221653] systemd[1]: Initializing machine ID from random generator.
[   10.236954] systemd[1]: Installed transient /etc/machine-id file.
[   11.221794] random: crng init done
[   11.360267] random: 7 urandom warning(s) missed due to ratelimiting
[   11.687759] systemd[1]: Set up automount Arbitrary Executable File Formats File System Automount Point.
[[0;32m  OK  [0m] Set up automount Arbitrary Executab…rmats File System Automount Point.
[   11.700931] systemd[1]: Created slice System Slice.
[[0;32m  OK  [0m] Created slice System Slice.
[   11.702638] systemd[1]: Listening on Device-mapper event daemon FIFOs.
[[0;32m  OK  [0m] Listening on Device-mapper event daemon FIFOs.
[   11.704813] systemd[1]: Listening on Journal Socket (/dev/log).
[[0;32m  OK  [0m] Listening on Journal Socket (/dev/log).
[[0;32m  OK  [0m] Listening on udev Control Socket.
[[0;32m  OK  [0m] Started Forward Password Requests to Wall Directory Watch.
[[0;32m  OK  [0m] Listening on Journal Socket.
         Mounting Kernel Debug File System...
         Starting Load Kernel Modules...
         Mounting Huge Pages File System...
         Starting Set the console keyboard layout...
[[0;32m  OK  [0m] Reached target Swap.
[[0;32m  OK  [0m] Created slice system-serial\x2dgetty.slice.
         Starting Remount Root and Kernel File Systems...
[[0;32m  OK  [0m] Listening on LVM2 metadata daemon socket.
         Mounting POSIX Message Queue File System...
         [   11.992809] Loading iSCSI transport class v2.0-870.
Starting Uncomplicated firewall...
[[0;32m  OK  [0m] Listening on Journal Audit Socket.
[[0;32m  OK  [0m] Reached target User and Group Name Lookups.
         Starting Create list of required st…ce nodes for the current kernel...
[[0;32m  OK  [0m] Listening on /dev/initctl Compatibility Named Pipe.
[[0;32m  OK  [0m] Listening on udev Kernel Socket.
[   12.084018] iscsi: registered transport (tcp)
         Starting udev Coldplug all Devices...
[[0;32m  OK  [0m] Reached target System Time Synchronized.
[[0;32m  OK  [0m] Created slice User and Session Slice.
[[0;32m  OK  [0m] Reached target Slices.
[[0;32m  OK  [0m] Listening on Syslog Socket.
         Starting Journal Service...
[[0;32m  OK  [0m] Listening on LVM2 poll daemon socket.
[[0;32m  OK  [0m] Listening on Network Service Netlink Socket.
         Starting Monitoring of LVM2 mirrors…ng dmeventd or progress polling...
[[0;32m  OK  [0m] Started Uncomplicated firewall.
[   12.378930] iscsi: registered transport (iser)
[[0;32m  OK  [0m] Started Load Kernel Modules.
[[0;32m  OK  [0m] Started Create list of required sta…vice nodes for the current kernel.
         Starting Create Static Device Nodes in /dev...
         Mounting Kernel Configuration File System...
         Starting Apply Kernel Variables...
         Mounting FUSE Control File System...
[[0;32m  OK  [0m] Started Journal Service.
[[0;32m  OK  [0m] Started udev Coldplug all Devices.
[[0;32m  OK  [0m] Started Create Static Device Nodes in /dev.
[[0;32m  OK  [0m] Started Apply Kernel Variables.
[[0;32m  OK  [0m] Mounted Kernel Debug File System.
[[0;32m  OK  [0m] Mounted Huge Pages File System.
[[0;32m  OK  [0m] Mounted POSIX Message Queue File System.
[[0;32m  OK  [0m] Mounted Kernel Configuration File System.
[[0;32m  OK  [0m] Mounted FUSE Control File System.
[[0;32m  OK  [0m] Started Remount Root and Kernel File Systems.
         Starting Load/Save Random Seed...
         Starting Flush Journal to Persistent Storage...
         Starting udev Kernel Device Manager...
         Starting Initial cloud-init job (pre-networking)...
[[0;32m  OK  [0m] Started Load/Save Random Seed.
[[0;32m  OK  [0m] Started LVM2 metadata daemon.
[[0;32m  OK  [0m] Started udev Kernel Device Manager.
[[0;32m  OK  [0m] Started Monitoring of LVM2 mirrors,…sing dmeventd or progress polling.
[[0;32m  OK  [0m] Started Flush Journal to Persistent Storage.
[[0;32m  OK  [0m] Found device /dev/ttyS0.
[[0;32m  OK  [0m] Listening on Load/Save RF Kill Switch Status /dev/rfkill Watch.
[[0;32m  OK  [0m] Started Set the console keyboard layout.
[[0;32m  OK  [0m] Started Dispatch Password Requests to Console Directory Watch.
[[0;32m  OK  [0m] Reached target Local Encrypted Volumes.
[[0;32m  OK  [0m] Reached target Local File Systems (Pre).
[[0;32m  OK  [0m] Reached target Local File Systems.
         Starting Create Volatile Files and Directories...
         Starting Commit a transient machine-id on disk...
         Starting ebtables ruleset management...
         Starting Set console font and keymap...
         Starting Tell Plymouth To Write Out Runtime Data...
         Starting AppArmor initialization...
[[0;32m  OK  [0m] Started Create Volatile Files and Directories.
         Starting Update UTMP about System Boot/Shutdown...
[[0;32m  OK  [0m] Started Tell Plymouth To Write Out Runtime Data.
[[0;32m  OK  [0m] Started Update UTMP about System Boot/Shutdown.
[[0;32m  OK  [0m] Started Commit a transient machine-id on disk.
[[0;32m  OK  [0m] Started ebtables ruleset management.
[[0;32m  OK  [0m] Started Set console font and keymap.
[[0;32m  OK  [0m] Started AppArmor initialization.
[   18.932669] cloud-init[407]: Cloud-init v. 18.5-21-g8ee294d5-0ubuntu1~18.04.1 running 'init-local' at Sun, 31 Mar 2019 09:52:38 +0000. Up 18.30 seconds.
[[0;32m  OK  [0m] Started Initial cloud-init job (pre-networking).
[[0;32m  OK  [0m] Reached target Network (Pre).
         Starting Network Service...
[[0;32m  OK  [0m] Started Network Service.
         Starting Wait for Network to be Configured...
         Starting Network Name Resolution...
[[0;32m  OK  [0m] Started Network Name Resolution.
[[0;32m  OK  [0m] Reached target Host and Network Name Lookups.
[[0;32m  OK  [0m] Reached target Network.
[[0;32m  OK  [0m] Started Wait for Network to be Configured.
         Starting Initial cloud-init job (metadata service crawler)...
[   21.552798] cloud-init[1004]: Cloud-init v. 18.5-21-g8ee294d5-0ubuntu1~18.04.1 running 'init' at Sun, 31 Mar 2019 09:52:41 +0000. Up 21.35 seconds.
[   21.576487] cloud-init[1004]: ci-info: ++++++++++++++++++++++++++++++++++++++Net device info+++++++++++++++++++++++++++++++++++++++
[   21.583075] cloud-init[1004]: ci-info: +--------+-------+----------------------------+---------------+--------+-------------------+
[   21.590369] cloud-init[1004]: ci-info: | Device |   Up  |          Address           |      Mask     | Scope  |     Hw-Address    |
[   21.608365] cloud-init[1004]: ci-info: +--------+-------+----------------------------+---------------+--------+-------------------+
[   21.627161] cloud-init[1004]: ci-info: | enp0s3 |  True |         10.0.2.15          | 255.255.255.0 | global | 02:73:ab:6a:68:9e |
[   21.629881] cloud-init[1004]: ci-info: | enp0s3 |  True | fe80::73:abff:fe6a:689e/64 |       .       |  link  | 02:73:ab:6a:68:9e |
[   21.631696] cloud-init[1004]: ci-info: | enp0s8 | False |             .              |       .       |   .    | 08:00:27:ec:a0:46 |
[   21.634289] cloud-init[1004]: ci-info: |   lo   |  True |         127.0.0.1          |   255.0.0.0   |  host  |         .         |
[   21.636232] cloud-init[1004]: ci-info: |   lo   |  True |          ::1/128           |       .       |  host  |         .         |
[   21.638349] cloud-init[1004]: ci-info: +--------+-------+----------------------------+---------------+--------+-------------------+
[   21.641555] cloud-init[1004]: ci-info: ++++++++++++++++++++++++++++Route IPv4 info+++++++++++++++++++++++++++++
[   21.643466] cloud-init[1004]: ci-info: +-------+-------------+----------+-----------------+-----------+-------+
[   21.660308] cloud-init[1004]: ci-info: | Route | Destination | Gateway  |     Genmask     | Interface | Flags |
[   21.692454] cloud-init[1004]: ci-info: +-------+-------------+----------+-----------------+-----------+-------+
[   21.717105] cloud-init[1004]: ci-info: |   0   |   0.0.0.0   | 10.0.2.2 |     0.0.0.0     |   enp0s3  |   UG  |
[   21.721990] cloud-init[1004]: ci-info: |   1   |   10.0.2.0  | 0.0.0.0  |  255.255.255.0  |   enp0s3  |   U   |
[   21.725980] cloud-init[1004]: ci-info: |   2   |   10.0.2.2  | 0.0.0.0  | 255.255.255.255 |   enp0s3  |   UH  |
[   21.765191] cloud-init[1004]: ci-info: +-------+-------------+----------+-----------------+-----------+-------+
[   21.768739] cloud-init[1004]: ci-info: +++++++++++++++++++Route IPv6 info+++++++++++++++++++
[   21.771709] cloud-init[1004]: ci-info: +-------+-------------+---------+-----------+-------+
[   21.774519] cloud-init[1004]: ci-info: | Route | Destination | Gateway | Interface | Flags |
[   21.780980] cloud-init[1004]: ci-info: +-------+-------------+---------+-----------+-------+
[   21.783081] cloud-init[1004]: ci-info: |   1   |  fe80::/64  |    ::   |   enp0s3  |   U   |
[   21.785443] cloud-init[1004]: ci-info: |   3   |    local    |    ::   |   enp0s3  |   U   |
[   21.804359] cloud-init[1004]: ci-info: |   4   |   ff00::/8  |    ::   |   enp0s3  |   U   |
[   21.845969] cloud-init[1004]: ci-info: +-------+-------------+---------+-----------+-------+
[   23.331469] cloud-init[1004]: Generating public/private rsa key pair.
[   23.338294] cloud-init[1004]: Your identification has been saved in /etc/ssh/ssh_host_rsa_key.
[   23.341512] cloud-init[1004]: Your public key has been saved in /etc/ssh/ssh_host_rsa_key.pub.
[   23.343605] cloud-init[1004]: The key fingerprint is:
[   23.353125] cloud-init[1004]: SHA256:7tscXdN65X9HN7T20DZC5SCghksl2qSMECmDqEp6pnw root@ubuntu-bionic
[   23.354637] cloud-init[1004]: The key's randomart image is:
[   23.364281] cloud-init[1004]: +---[RSA 2048]----+
[   23.365282] cloud-init[1004]: |=o   o . ..      |
[   23.367055] cloud-init[1004]: |B o = + .  . . . |
[   23.368257] cloud-init[1004]: |oo + + o    . +  |
[   23.369233] cloud-init[1004]: |..  . o      . + |
[   23.370191] cloud-init[1004]: |+    .  S   . +.+|
[   23.371164] cloud-init[1004]: |o o    .   . o.O*|
[   23.372235] cloud-init[1004]: |.+      . . . ++B|
[   23.374193] cloud-init[1004]: |.. E   . o .   .=|
[   23.375159] cloud-init[1004]: |  .     o.o     +|
[   23.376188] cloud-init[1004]: +----[SHA256]-----+
[[0;32m  OK  [0m] Started Initial cloud-init job (metadata service crawler).
[   23.412851] cloud-init[1004]: Generating public/private dsa key pair.
[[   23.472475] cloud-init[1004]: Your identification has been saved in /etc/ssh/ssh_host_dsa_key.
[   23.472801] cloud-init[1004]: Your public key has been saved in /etc/ssh/ssh_host_dsa_key.pub.
[0;32m  OK  [0m] Reached target Cloud-config availability.
[   23.473082] cloud-init[1004]: The key fingerprint is:
[[0;32m  OK  [0m[   23.484371] cloud-init[1004]: SHA256:ZHdo62zZnJKNxc0DG3OpE2twFtQzq6hrvorJ5uFW15E root@ubuntu-bionic
[   23.484668] cloud-init[1004]: The key's randomart image is:
[   23.484941] cloud-init[1004]: +---[DSA 1024]----+
] Reached target System Initialization.
[   23.485268] cloud-init[1004]: |           .o.   |
[[   23.501206] cloud-init[1004]: |           . .+. |
[   23.501506] cloud-init[1004]: |        o =.O o+ |
[   23.502066] cloud-init[1004]: |       o oEB %.  |
[   23.502555] cloud-init[1004]: |        S..oO.+  |
[   23.503120] cloud-init[1004]: |      . .ooX.o . |
[   23.503613] cloud-init[1004]: |    .. . .O =    |
[   23.504423] cloud-init[1004]: |   oo+  o. .     |
[   23.504895] cloud-init[1004]: |   +* .++o       |
[   23.505398] cloud-init[1004]: +----[SHA256]-----+
[   23.505910] cloud-init[1004]: Generating public/private ecdsa key pair.
[   23.506414] cloud-init[1004]: Your identification has been saved in /etc/ssh/ssh_host_ecdsa_key.
[   23.506935] cloud-init[1004]: Your public key has been saved in /etc/ssh/ssh_host_ecdsa_key.pub.
[   23.507446] cloud-init[1004]: The key fingerprint is:
[   23.507996] cloud-init[1004]: SHA256:92la+NF6B0EoWLfm/JeWgux3WsGbiP0xk6ysPO80ORs root@ubuntu-bionic
[   23.508454] cloud-init[1004]: The key's randomart image is:
[0;32m  OK  [0m] Listening on Open-iSCSI iscsid Socket.
[   23.508855] cloud-init[1004]: +---[ECDSA 256]---+
[[0;32m  OK  [0m] Started Daily Cleanup of Temporary Directories.
[   23.544542] cloud-init[1004]: |         o. ..   |
[   23.549857] cloud-init[1004]: |        . .....  |
[   23.554970] cloud-init[1004]: |           .o.   |
[   23.558030] cloud-init[1004]: |           +  o  |
[   23.560107] cloud-init[1004]: |        S . o  + |
[   23.562767] cloud-init[1004]: |         ..o++= B|
[   23.566257] cloud-init[1004]: |          .+*Eo#.|
[   23.568372] cloud-init[1004]: |          o*o+%o=|
[   23.569920] cloud-init[1004]: |          .+OOoo |
[   23.571481] cloud-init[1004]: +----[SHA256]-----+
[   23.588399] cloud-init[1004]: Generating public/private ed25519 key pair.
[[0;32m  OK  [0m] Started ACPI Events Check.
[   23.610273] [[0;32m  OK  [0m] Listening on ACPID Listen Socket.
[[0;32m  OK  [0m] Started Message of the Day.
[[0;32m  OK  [0m] Reached target Paths.
[[0;32m  OK  [0m] Listening on UUID daemon activation socket.
[[0;32m  OK  [0m] Started Daily apt download activities.
cloud-init[1004]: Your identification has been saved in /etc/ssh/ssh_host_ed25519_key.
[[0;32m  OK  [0m] Started Daily apt upgrade and clean activities.
[   23.617395] cloud-init[1004]: Your public key has been saved in /etc/ssh/ssh_host_ed25519_key.pub.
[   23.619011] cloud-init[1004]: The key fingerprint is:
[   23.620448] cloud-init[1004]: SHA256:bZM8EvVUueosp8q7ZGaioUeHhhaIe6xb9zrBCwsoWEA root@ubuntu-bionic
[   23.622138]          Starting LXD - unix socket.
[[0;32m  OK  [0m] Listening on D-Bus System Message Bus Socket.
[[0;32m  OK  [0m] Started Discard unused blocks once a week.
cloud-init[1004]: The key's randomart image is:
         Starting Socket activation for snappy daemon.
[   23.639331] [cloud-init[0;32m  OK  [0m[1004]: ] +--[ED25519 256]--+Reached target Timers.

[[0;32m  OK  [0m] Reached target Network is Online.
[   23.654178] cloud-init[1004]: |.E        . .... |
         Starting Availability of block devices...
[   23.668981] [cloud-init[0;32m  OK  [0m[1004]: ] |.        . o  .  |Reached target Remote File Systems (Pre).

[[0;32m  OK  [0m] Reached target Remote File Systems.
[   23.696514] cloud-init[1004]: |.o      .   .  . |
[[0;32m  OK  [0m] Listening on LXD - unix socket.
[   23.724431] cloud-init[1004]: |o o      + .  .  |
[[0;32m  OK  [0m] Listening on Socket activation for snappy daemon.
[   23.741557] cloud-init[1004]: |o+ + .  S B  .   |
[[0;32m  OK  [0m] Started Availability of block devices.
[   23.752098] cloud-init[[0;32m  OK  [0m] Reached target Sockets.
[[0;32m  OK  [0m] Reached target Basic System.
[1004]: |* * * .  o o.    |
         Starting LSB: Record successful boot for GRUB...
[   23.766118] cloud-init[1004]: |.=.=o+. =  o     |
         Starting Dispatcher daemon for systemd-networkd...
         Starting Virtualbox guest utils...
         Starting Pollinate to seed the pseudo random number generator...
[   23.783261] cloud-init[1004]: |...o++ B  . +    |
         Starting System Logging Service...
[   23.876360] cloud-init[1004]: |....oo. =+.+     |
[[0;32m  OK  [0m] Started FUSE filesystem for LXC.
[   23.880200] cloud-init[1004]: +----[SHA256]-----+
[[0;32m  OK  [0m] Started Deferred execution scheduler.
[[0;32m  OK  [0m] Started irqbalance daemon.
         Starting Login Service...
         Starting Snappy daemon...
[[0;32m  OK  [0m] Started D-Bus System Message Bus.
[[0;32m  OK  [0m] Started Login Service.
[[0;32m  OK  [0m] Started Unattended Upgrades Shutdown.
         Starting Accounts Service...
         Starting LSB: automatic crash report generation...
         Starting Permit User Sessions...
[[0;32m  OK  [0m] Started Regular background program processing daemon.
         Starting LXD - container startup/shutdown...
[[0;32m  OK  [0m] Started System Logging Service.
[[0;32m  OK  [0m] Started Dispatcher daemon for systemd-networkd.
[[0;32m  OK  [0m] Started Permit User Sessions.
         Starting Hold until boot process finishes up...
         Starting Terminate Plymouth Boot Screen...
[[0;32m  OK  [0m] Started Hold until boot process finishes up.
[[0;32m  OK  [0m] Started Terminate Plymouth Boot Screen.
         Starting Set console scheme...
[[0;32m  OK  [0m] Started Serial Getty on ttyS0.
[[0;32m  OK  [0m] Started LSB: automatic crash report generation.
[[0;32m  OK  [0m] Started Set console scheme.
[[0;32m  OK  [0m] Created slice system-getty.slice.
[[0;32m  OK  [0m] Started Getty on tty1.
[[0;32m  OK  [0m] Reached target Login Prompts.
[[0;32m  OK  [0m] Started LSB: Record successful boot for GRUB.
         Starting Authorization Manager...
[[0;32m  OK  [0m] Started Virtualbox guest utils.
[[0;32m  OK  [0m] Started Authorization Manager.
[[0;32m  OK  [0m] Started Accounts Service.
[[0;32m  OK  [0m] Started LXD - container startup/shutdown.
[[0;32m  OK  [0m] Started Snappy daemon.
         Starting Wait until snapd is fully seeded...
[[0;32m  OK  [0m] Started Pollinate to seed the pseudo random number generator.
         Starting OpenBSD Secure Shell server...
[[0;32m  OK  [0m] Started OpenBSD Secure Shell server.
[[0;32m  OK  [0m] Created slice User Slice of vagrant.
         Starting User Manager for UID 1000...
[[0;32m  OK  [0m] Started Session 1 of user vagrant.
[[0;32m  OK  [0m] Started User Manager for UID 1000.

Ubuntu 18.04.2 LTS ubuntu-bionic ttyS0

ubuntu-bionic login: [   34.041470] cloud-init[1830]: Cloud-init v. 18.5-21-g8ee294d5-0ubuntu1~18.04.1 running 'modules:config' at Sun, 31 Mar 2019 09:52:52 +0000. Up 33.01 seconds.
ci-info: no authorized ssh keys fingerprints found for user ubuntu.
<14>Mar 31 09:52:54 ec2: 
<14>Mar 31 09:52:54 ec2: #############################################################
<14>Mar 31 09:52:54 ec2: -----BEGIN SSH HOST KEY FINGERPRINTS-----
<14>Mar 31 09:52:54 ec2: 1024 SHA256:ZHdo62zZnJKNxc0DG3OpE2twFtQzq6hrvorJ5uFW15E root@ubuntu-bionic (DSA)
<14>Mar 31 09:52:54 ec2: 256 SHA256:92la+NF6B0EoWLfm/JeWgux3WsGbiP0xk6ysPO80ORs root@ubuntu-bionic (ECDSA)
<14>Mar 31 09:52:54 ec2: 256 SHA256:bZM8EvVUueosp8q7ZGaioUeHhhaIe6xb9zrBCwsoWEA root@ubuntu-bionic (ED25519)
<14>Mar 31 09:52:54 ec2: 2048 SHA256:7tscXdN65X9HN7T20DZC5SCghksl2qSMECmDqEp6pnw root@ubuntu-bionic (RSA)
<14>Mar 31 09:52:54 ec2: -----END SSH HOST KEY FINGERPRINTS-----
<14>Mar 31 09:52:54 ec2: #############################################################
-----BEGIN SSH HOST KEY KEYS-----
ecdsa-sha2-nistp256 AAAAE2VjZHNhLXNoYTItbmlzdHAyNTYAAAAIbmlzdHAyNTYAAABBBD3uM+VXlO3b/zP4GgGoyExHmaRjLOeuW14tNSIWBU41aR0nL1lfGZuBUhWziB6BSk42EUNRZ/dc25ZvlWGddW0= root@ubuntu-bionic
ssh-ed25519 AAAAC3NzaC1lZDI1NTE5AAAAIHduOkHhPS1g08U9bsPBwnzrafCindd7wYeIwDR+tnj1 root@ubuntu-bionic
ssh-rsa AAAAB3NzaC1yc2EAAAADAQABAAABAQDDQgn6Lnh9PoaGDajVvlkl3r1fLK0kHeUJAE86rocGDcipDndeEvj6aQn6W/pWoCj+yHWIgacncVAuxvInoyJRsYCcE7y1FLE9zQaWV9id1Els5CiZO0P0TZDtq5SDp7x83u8Rmx/WTogmCSMLF/IXh3Dgn+QWMD5OszdxYwjA844o0OOtxCfFjgyGdMaykuj4zgKmoNw4HXp+NuN6hebqGJhywpk753ftcZtyM2vXqBwBaaIHtOcMG7VnJD02Nbl49GbnPV8UsEXkbxDlf7Ntfkz6TkhLhUq2F+4I5cVDwuuL0wOLBv491ba5cUpr3hsJxuHCJvyeFQU0LiRbjPu1 root@ubuntu-bionic
-----END SSH HOST KEY KEYS-----
[   34.727032] cloud-init[1927]: Cloud-init v. 18.5-21-g8ee294d5-0ubuntu1~18.04.1 running 'modules:final' at Sun, 31 Mar 2019 09:52:54 +0000. Up 34.50 seconds.
[   34.727175] cloud-init[1927]: ci-info: no authorized ssh keys fingerprints found for user ubuntu.
[   34.727272] cloud-init[1927]: Cloud-init v. 18.5-21-g8ee294d5-0ubuntu1~18.04.1 finished at Sun, 31 Mar 2019 09:52:54 +0000. Datasource DataSourceNoCloud [seed=/dev/sdb][dsmode=net].  Up 34.71 seconds
